<?xml version="1.0" encoding="UTF-8"?>
<!-- Generated by org.testng.reporters.JUnitReportReporter -->
<testsuite skipped="0" hostname="DESKTOP-JRIMQ69" name="test.AddContactTest" tests="1" failures="0" timestamp="2022-04-15T20:26:15 CDT" time="4.152" errors="0">
  <testcase name="validUSerShouldBeAbleToAddCustomer" time="4.152" classname="test.AddContactTest"/>
  <system-out/>
</testsuite> <!-- test.AddContactTest -->
